This is pdfTeX, Version 3.141592653-2.6-1.40.25 (MiKTeX 23.10) (preloaded format=pdflatex 2024.1.13)  13 JAN 2024 21:04
entering extended mode
 restricted \write18 enabled.
 %&-line parsing enabled.
**"C:/Users/admin/Desktop/Project work ML/Project work ML/references/Research P
aper.tex"

(C:/Users/admin/Desktop/Project work ML/Project work ML/references/Research Pap
er.tex
LaTeX2e <2023-06-01> patch level 1
L3 programming layer <2023-08-29>

! LaTeX Error: File `IEEEtran.cls' not found.

Type X to quit or <RETURN> to proceed,
or enter new name. (Default extension: cls)

Enter file name: 

! LaTeX Error: File `geometry.sty' not found.

Type X to quit or <RETURN> to proceed,
or enter new name. (Default extension: sty)

Enter file name: 
(C:\Users\admin\AppData\Local\Programs\MiKTeX\tex/latex/graphics\graphicx.sty
Package: graphicx 2021/09/16 v1.2d Enhanced LaTeX Graphics (DPC,SPQR)

(C:\Users\admin\AppData\Local\Programs\MiKTeX\tex/latex/graphics\keyval.sty
Package: keyval 2022/05/29 v1.15 key=value parser (DPC)
\KV@toks@=\toks17
)
(C:\Users\admin\AppData\Local\Programs\MiKTeX\tex/latex/graphics\graphics.sty
Package: graphics 2022/03/10 v1.4e Standard LaTeX Graphics (DPC,SPQR)

(C:\Users\admin\AppData\Local\Programs\MiKTeX\tex/latex/graphics\trig.sty
Package: trig 2021/08/11 v1.11 sin cos tan (DPC)
)
(C:\Users\admin\AppData\Local\Programs\MiKTeX\tex/latex/graphics-cfg\graphics.c
fg
File: graphics.cfg 2016/06/04 v1.11 sample graphics configuration
)
Package graphics Info: Driver file: pdftex.def on input line 107.

(C:\Users\admin\AppData\Local\Programs\MiKTeX\tex/latex/graphics-def\pdftex.def
File: pdftex.def 2022/09/22 v1.2b Graphics/color driver for pdftex
))
\Gin@req@height=\dimen140
\Gin@req@width=\dimen141
)

! LaTeX Error: File `multirow.sty' not found.

Type X to quit or <RETURN> to proceed,
or enter new name. (Default extension: sty)

Enter file name: 

! LaTeX Error: File `caption.sty' not found.

Type X to quit or <RETURN> to proceed,
or enter new name. (Default extension: sty)

Enter file name: 

! LaTeX Error: File `float.sty' not found.

Type X to quit or <RETURN> to proceed,
or enter new name. (Default extension: sty)

Enter file name: 

(C:\Users\admin\AppData\Local\Programs\MiKTeX\tex/latex/l3backend\l3backend-pdf
tex.def
File: l3backend-pdftex.def 2023-04-19 L3 backend support: PDF output (pdfTeX)
\l__color_backend_stack_int=\count185
\l__pdf_internal_box=\box51
)
(C:/Users/admin/Desktop/Project work ML/Project work ML/references\Research Pap
er.aux)
\openout1 = `"Research Paper.aux"'.

LaTeX Font Info:    Checking defaults for OML/cmm/m/it on input line 16.
LaTeX Font Info:    ... okay on input line 16.
LaTeX Font Info:    Checking defaults for OMS/cmsy/m/n on input line 16.
LaTeX Font Info:    ... okay on input line 16.
LaTeX Font Info:    Checking defaults for OT1/cmr/m/n on input line 16.
LaTeX Font Info:    ... okay on input line 16.
LaTeX Font Info:    Checking defaults for T1/cmr/m/n on input line 16.
LaTeX Font Info:    ... okay on input line 16.
LaTeX Font Info:    Checking defaults for TS1/cmr/m/n on input line 16.
LaTeX Font Info:    ... okay on input line 16.
LaTeX Font Info:    Checking defaults for OMX/cmex/m/n on input line 16.
LaTeX Font Info:    ... okay on input line 16.
LaTeX Font Info:    Checking defaults for U/cmr/m/n on input line 16.
LaTeX Font Info:    ... okay on input line 16.


! LaTeX Error: The font size command \normalsize is not defined:
               there is probably something wrong with the class file.

See the LaTeX manual or LaTeX Companion for explanation.
Type  H <return>  for immediate help.
 ...                                              
                                                  
l.16 \begin{document}
                     
? 

(C:\Users\admin\AppData\Local\Programs\MiKTeX\tex/context/base/mkii\supp-pdf.mk
ii
[Loading MPS to PDF converter (version 2006.09.02).]
\scratchcounter=\count186
\scratchdimen=\dimen142
\scratchbox=\box52
\nofMPsegments=\count187
\nofMParguments=\count188
\everyMPshowfont=\toks18
\MPscratchCnt=\count189
\MPscratchDim=\dimen143
\MPnumerator=\count190
\makeMPintoPDFobject=\count191
\everyMPtoPDFconversion=\toks19
)
(C:\Users\admin\AppData\Local\Programs\MiKTeX\tex/latex/epstopdf-pkg\epstopdf-b
ase.sty
Package: epstopdf-base 2020-01-24 v2.11 Base part for package epstopdf
Package epstopdf-base Info: Redefining graphics rule for `.eps' on input line 4
85.

(C:\Users\admin\AppData\Local\Programs\MiKTeX\tex/latex/00miktex\epstopdf-sys.c
fg
File: epstopdf-sys.cfg 2021/03/18 v2.0 Configuration of epstopdf for MiKTeX
))
! Undefined control sequence.
l.18 \maketitle
               
? 

! LaTeX Error: Environment abstract undefined.

See the LaTeX manual or LaTeX Companion for explanation.
Type  H <return>  for immediate help.
 ...                                              
                                                  
l.20 \begin{abstract}
                     
? 

! LaTeX Error: \begin{document} ended by \end{abstract}.

See the LaTeX manual or LaTeX Companion for explanation.
Type  H <return>  for immediate help.
 ...                                              
                                                  
l.22 \end{abstract}
                   
? 
! Undefined control sequence.
l.24 \section
             {Introduction}
? 
! Undefined control sequence.
l.31 \section
             {Literature Review}
? 

! LaTeX Error: Environment table* undefined.

See the LaTeX manual or LaTeX Companion for explanation.
Type  H <return>  for immediate help.
 ...                                              
                                                  
l.35 \begin{table*}
                   [htbp]
? 

! LaTeX Error: \caption outside float.

See the LaTeX manual or LaTeX Companion for explanation.
Type  H <return>  for immediate help.
 ...                                              
                                                  
l.36   \caption
               {Summary of Papers}
? 
LaTeX Font Info:    External font `cmex10' loaded for size
(Font)              <7> on input line 38.
LaTeX Font Info:    External font `cmex10' loaded for size
(Font)              <5> on input line 38.

Underfull \hbox (badness 3386) in paragraph at lines 42--42
[]\OT1/cmr/m/n/10 Na^^?^^Pve Bayes, K-nearest
 []


Underfull \hbox (badness 8170) in paragraph at lines 46--46
\OT1/cmr/m/n/10 ap-proach and Ran-dom
 []


Underfull \hbox (badness 2591) in paragraph at lines 48--48
[]\OT1/cmr/m/n/10 A data-driven ap-proach
 []


Underfull \hbox (badness 1127) in paragraph at lines 48--48
\OT1/cmr/m/n/10 for pre-dict-ing the heart
 []


Underfull \hbox (badness 1354) in paragraph at lines 54--54
\OT1/cmr/m/n/10 per-vised type ML al-go-
 []


! LaTeX Error: \begin{document} ended by \end{table*}.

See the LaTeX manual or LaTeX Companion for explanation.
Type  H <return>  for immediate help.
 ...                                              
                                                  
l.58 \end{table*}
                 
? 
! Undefined control sequence.
l.63 \section
             {Methods}
? 

! LaTeX Error: Environment figure undefined.

See the LaTeX manual or LaTeX Companion for explanation.
Type  H <return>  for immediate help.
 ...                                              
                                                  
l.65 \begin{figure}
                   [htbp]
? 
<flowchart.png, id=1, 458.71375pt x 418.56375pt>
File: flowchart.png Graphic file (type png)
<use flowchart.png>
Package pdftex.def Info: flowchart.png  used on input line 67.
(pdftex.def)             Requested size: 4095.99998pt x 3739.21814pt.
! Undefined control sequence.
l.68   \captionsetup
                    {justification=centering}
? 

! LaTeX Error: \caption outside float.

See the LaTeX manual or LaTeX Companion for explanation.
Type  H <return>  for immediate help.
 ...                                              
                                                  
l.69   \caption
               {Proposed Methodology}
? 

! LaTeX Error: \begin{document} ended by \end{figure}.

See the LaTeX manual or LaTeX Companion for explanation.
Type  H <return>  for immediate help.
 ...                                              
                                                  
l.70 \end{figure}
                 
? 

! LaTeX Error: Environment table undefined.

See the LaTeX manual or LaTeX Companion for explanation.
Type  H <return>  for immediate help.
 ...                                              
                                                  
l.75 \begin{table}
                  [htbp]
? 

! LaTeX Error: \caption outside float.

See the LaTeX manual or LaTeX Companion for explanation.
Type  H <return>  for immediate help.
 ...                                              
                                                  
l.77   \caption
               {Attribute Description}
? 

Overfull \hbox (12.25389pt too wide) in paragraph at lines 80--80
[]\OT1/cmr/bx/n/10 No.| 
 []


Overfull \hbox (20.74057pt too wide) in paragraph at lines 80--80
 []\OT1/cmr/bx/n/10 Attribute| 
 []


Overfull \hbox (3.80214pt too wide) in paragraph at lines 80--80
[]\OT1/cmr/bx/n/10 Description| 
 []


Underfull \hbox (badness 1655) in paragraph at lines 82--82
[]\OT1/cmr/m/n/10 Age of pa-
 []


Underfull \hbox (badness 10000) in paragraph at lines 82--83
[]\OT1/cmr/m/n/10 Age nu-meric
 []


Overfull \hbox (1.88669pt too wide) in paragraph at lines 84--84
 []\OT1/cmr/m/n/10 gender| 
 []


Underfull \hbox (badness 10000) in paragraph at lines 84--85
[]\OT1/cmr/m/n/10 1-Male, 0-
 []


Overfull \hbox (11.70892pt too wide) in paragraph at lines 88--88
 []\OT1/cmr/m/n/10 trest[]bps| 
 []


Underfull \hbox (badness 10000) in paragraph at lines 88--88
[]\OT1/cmr/m/n/10 Blood-
 []


Underfull \hbox (badness 6396) in paragraph at lines 88--88
\OT1/cmr/m/n/10 pressure in
 []


Overfull \hbox (1.72003pt too wide) in paragraph at lines 90--90
 []\OT1/cmr/m/n/10 CHOL| 
 []


Underfull \hbox (badness 10000) in paragraph at lines 92--92
[]\OT1/cmr/m/n/10 Sugar in
 []


Overfull \hbox (3.05333pt too wide) in paragraph at lines 94--94
 []\OT1/cmr/m/n/10 restecg| 
 []


Overfull \hbox (24.46791pt too wide) in paragraph at lines 94--94
[]\OT1/cmr/m/n/10 Echocardiography
 []


Underfull \hbox (badness 10000) in paragraph at lines 94--95
[]\OT1/cmr/m/n/10 1=Abnormal-
 []


Underfull \hbox (badness 10000) in paragraph at lines 94--95
\OT1/cmr/m/n/10 ECG, 0=Nor-
 []


Overfull \hbox (6.85896pt too wide) in paragraph at lines 96--96
 []\OT1/cmr/m/n/10 oldpeak| 
 []


Underfull \hbox (badness 6658) in paragraph at lines 98--98
[]\OT1/cmr/m/n/10 ST de-pres-
 []


Overfull \hbox (4.30957pt too wide) in paragraph at lines 100--100
[]\OT1/cmr/m/n/10 10| 
 []


Underfull \hbox (badness 10000) in paragraph at lines 100--101
\OT1/cmr/m/n/10 rep-re-sent how
 []


Overfull \hbox (4.30957pt too wide) in paragraph at lines 102--102
[]\OT1/cmr/m/n/10 11| 
 []


Underfull \hbox (badness 10000) in paragraph at lines 102--103
\OT1/cmr/m/n/10 re-sent col-ored
 []


Underfull \hbox (badness 10000) in paragraph at lines 102--103
\OT1/cmr/m/n/10 Flu-o-roscopy
 []


Overfull \hbox (4.30957pt too wide) in paragraph at lines 104--104
[]\OT1/cmr/m/n/10 12| 
 []


Overfull \hbox (4.91449pt too wide) in paragraph at lines 104--104
 []\OT1/cmr/m/n/10 thalach| 
 []


Underfull \hbox (badness 10000) in paragraph at lines 104--104
[]\OT1/cmr/m/n/10 Patient
 []


Underfull \hbox (badness 10000) in paragraph at lines 104--104
\OT1/cmr/m/n/10 max-i-mum
 []


Overfull \hbox (4.30957pt too wide) in paragraph at lines 106--106
[]\OT1/cmr/m/n/10 13| 
 []


Underfull \hbox (badness 10000) in paragraph at lines 106--107
[]\OT1/cmr/m/n/10 1=present,
 []


Overfull \hbox (4.30957pt too wide) in paragraph at lines 108--108
[]\OT1/cmr/m/n/10 14| 
 []


Underfull \hbox (badness 10000) in paragraph at lines 108--108
[]\OT1/cmr/m/n/10 Heart Dis-
 []


Underfull \hbox (badness 1881) in paragraph at lines 108--109
[]\OT1/cmr/m/n/10 1=effected per-
 []


! LaTeX Error: \begin{document} ended by \end{table}.

See the LaTeX manual or LaTeX Companion for explanation.
Type  H <return>  for immediate help.
 ...                                              
                                                  
l.111 \end{table}
                 
? 
! Undefined control sequence.
l.112 \section
              {Results}
? 

! LaTeX Error: Environment figure undefined.

See the LaTeX manual or LaTeX Companion for explanation.
Type  H <return>  for immediate help.
 ...                                              
                                                  
l.115 \begin{figure}
                    [htbp]
? 
<performance_metrics.png, id=2, 1084.05pt x 1084.05pt>
File: performance_metrics.png Graphic file (type png)
<use performance_metrics.png>
Package pdftex.def Info: performance_metrics.png  used on input line 117.
(pdftex.def)             Requested size: 4915.24998pt x 4915.46402pt.
! Undefined control sequence.
l.118   \captionsetup
                     {justification=centering}
? 

! LaTeX Error: \caption outside float.

See the LaTeX manual or LaTeX Companion for explanation.
Type  H <return>  for immediate help.
 ...                                              
                                                  
l.119   \caption
                {Performace Comparison}
? 

! LaTeX Error: \begin{document} ended by \end{figure}.

See the LaTeX manual or LaTeX Companion for explanation.
Type  H <return>  for immediate help.
 ...                                              
                                                  
l.120 \end{figure}
                  
? 

! LaTeX Error: Environment table undefined.

See the LaTeX manual or LaTeX Companion for explanation.
Type  H <return>  for immediate help.
 ...                                              
                                                  
l.121 \begin{table}
                   [htbp]
? 

! LaTeX Error: \caption outside float.

See the LaTeX manual or LaTeX Companion for explanation.
Type  H <return>  for immediate help.
 ...                                              
                                                  
l.123   \caption
                {Machine Learning Algorithms Results on Test Data}
? 

Underfull \hbox (badness 10000) in paragraph at lines 126--126
[]\OT1/cmr/bx/n/10 Classifier
 []


Overfull \hbox (19.94194pt too wide) in paragraph at lines 126--126
[]\OT1/cmr/bx/n/10 Accuracy| 
 []


Overfull \hbox (17.59007pt too wide) in paragraph at lines 126--126
[]\OT1/cmr/bx/n/10 Precision| 
 []


Overfull \hbox (2.53319pt too wide) in paragraph at lines 126--126
[]\OT1/cmr/bx/n/10 Recall| 
 []


Underfull \hbox (badness 10000) in paragraph at lines 126--127
[]\OT1/cmr/bx/n/10 F1
 []


Underfull \hbox (badness 1776) in paragraph at lines 128--128
[]\OT1/cmr/m/n/10 Logistic Re-
 []


Underfull \hbox (badness 1052) in paragraph at lines 130--130
[]\OT1/cmr/m/n/10 Naive Bayes
 []


Overfull \hbox (0.74783pt too wide) in paragraph at lines 130--130
[]\OT1/cmr/m/n/10 0.8195| 
 []


Underfull \hbox (badness 10000) in paragraph at lines 132--132
[]\OT1/cmr/m/n/10 K-Nearest
 []


Overfull \hbox (0.74783pt too wide) in paragraph at lines 132--132
[]\OT1/cmr/m/n/10 0.8390| 
 []


Underfull \hbox (badness 10000) in paragraph at lines 134--134
[]\OT1/cmr/m/n/10 Decision
 []


Underfull \hbox (badness 3354) in paragraph at lines 134--134
\OT1/cmr/m/n/10 Tree Clas-si-
 []


Underfull \hbox (badness 10000) in paragraph at lines 138--138
\OT1/cmr/m/n/10 si-fier with
 []


Underfull \hbox (badness 10000) in paragraph at lines 138--138
\OT1/cmr/m/n/10 LR, NB,
 []


Underfull \hbox (badness 10000) in paragraph at lines 138--138
\OT1/cmr/m/n/10 KNN, DT,
 []


Underfull \hbox (badness 10000) in paragraph at lines 140--140
[]\OT1/cmr/m/n/10 AdaBoost
 []


Overfull \hbox (0.74783pt too wide) in paragraph at lines 140--140
[]\OT1/cmr/m/n/10 0.9024| 
 []


Underfull \hbox (badness 10000) in paragraph at lines 142--142
[]\OT1/cmr/m/n/10 Bagging
 []


Underfull \hbox (badness 10000) in paragraph at lines 144--144
[]\OT1/cmr/m/n/10 Gradient
 []


Underfull \hbox (badness 10000) in paragraph at lines 146--146
\OT1/cmr/m/n/10 si-fier with
 []


Underfull \hbox (badness 10000) in paragraph at lines 146--146
\OT1/cmr/m/n/10 Ad-aBoost,
 []


Overfull \hbox (0.74783pt too wide) in paragraph at lines 146--146
[]\OT1/cmr/m/n/10 0.9987| 
 []


! LaTeX Error: \begin{document} ended by \end{table}.

See the LaTeX manual or LaTeX Companion for explanation.
Type  H <return>  for immediate help.
 ...                                              
                                                  
l.151 \end{table}
                 
? 

Overfull \hbox (729.87326pt too wide) in paragraph at lines 75--152
[]\OT1/cmr/m/n/10 [htbp] At-tribute De-scrip-tion []  Re-sults Af-ter ap-ply-in
g all the ma-chine learn-ing clas-si-fier on the dataset we get this re-sults s
hown in the Ta-ble III. Ini-tially we used the Lo-gis-tic Re-gres-sion , Naive 
Bayes , KNN , DT and SVM clas-si-fiers to pre-dict the Dis-ease and there in-di
-vid-ual re-sults are given in Ta-ble III. Af-ter that we com-bined these clas-
si-fiers us-ing hard vot-ing clas-si-fier and pre-dic-tions were not im-proved,
 So then we used Ad-aboost, Bag-ging and Gra-di-ent Boost en-sem-ble tech-nique
s us-ing De-ci-sion Trees and by us-ing this method, the pre-dicted re-sults we
re sig-nif-i-cantly im-proved which are given in Ta-ble III. In our pro-posed m
ethod-ol-ogy, we com-bined these en-sem-ble clas-si-fiers us-ing hard vot-ing c
las-si-fier and pre-dicted re-sults were per-fect on test data. Re-sults com-pa
r-i-son is shown in Fig 2 in form of Ac-cu-racy, Pre-ci-sion, Re-call and F1 Sc
ore. Re-sults shows that VC-2 is giv-ing the best re-sult. [htbp] []
 []


Underfull \vbox (badness 10000) has occurred while \output is active []



! LaTeX Error: The font size command \normalsize is not defined:
               there is probably something wrong with the class file.

See the LaTeX manual or LaTeX Companion for explanation.
Type  H <return>  for immediate help.
 ...                                              
                                                  
l.152 
      
? 
[1{C:/Users/admin/AppData/Local/MiKTeX/fonts/map/pdftex/pdftex.map} <C:/Users/a
dmin/Desktop/Project work ML/Project work ML/references/flowchart.png>]
! Undefined control sequence.
l.153 \section
              {Conclusion}
? 

(C:/Users/admin/Desktop/Project work ML/Project work ML/references\Research Pap
er.bbl

! LaTeX Error: Environment thebibliography undefined.

See the LaTeX manual or LaTeX Companion for explanation.
Type  H <return>  for immediate help.
 ...                                              
                                                  
l.1 \begin{thebibliography}
                           {1}
? 

! LaTeX Error: Lonely \item--perhaps a missing list environment.

See the LaTeX manual or LaTeX Companion for explanation.
Type  H <return>  for immediate help.
 ...                                              
                                                  
l.3 \bibitem{abdar2019performance}
                                  
? 
! Undefined control sequence.
<argument> \@listctr 
                     
l.3 \bibitem{abdar2019performance}
                                  
? 
! You can't use `\relax' after \the.
<recently read> \c@ 
                    
l.3 \bibitem{abdar2019performance}
                                  
? 
! Undefined control sequence.
l.6 \newblock
              Performance improvement of decision trees for diagnosis of cor...

? 
! Undefined control sequence.
l.8 \newblock
              In {\em 2019 IEEE 4th International Conference on Computer and
? 

! LaTeX Error: Lonely \item--perhaps a missing list environment.

See the LaTeX manual or LaTeX Companion for explanation.
Type  H <return>  for immediate help.
 ...                                              
                                                  
l.11 \bibitem{ahmad2022comparative}
                                   
? 
! Undefined control sequence.
<argument> \@listctr 
                     
l.11 \bibitem{ahmad2022comparative}
                                   
? 
! You can't use `\relax' after \the.
<recently read> \c@ 
                    
l.11 \bibitem{ahmad2022comparative}
                                   
? 
! Undefined control sequence.
l.14 \newblock
               Comparative study of optimum medical diagnosis of human heart...

? 
! Undefined control sequence.
l.17 \newblock
               {\em ieee access}, 10:23808--23828, 2022.
? 

! LaTeX Error: Lonely \item--perhaps a missing list environment.

See the LaTeX manual or LaTeX Companion for explanation.
Type  H <return>  for immediate help.
 ...                                              
                                                  
l.19 \bibitem{alizadehsani2019machine}
                                      
? 
! Undefined control sequence.
<argument> \@listctr 
                     
l.19 \bibitem{alizadehsani2019machine}
                                      
? 
! You can't use `\relax' after \the.
<recently read> \c@ 
                    
l.19 \bibitem{alizadehsani2019machine}
                                      
? 
! Undefined control sequence.
l.23 \newblock
               Machine learning-based coronary artery disease diagnosis: A
? 
! Undefined control sequence.
l.25 \newblock
               {\em Computers in biology and medicine}, 111:103346, 2019.
? 

! LaTeX Error: Lonely \item--perhaps a missing list environment.

See the LaTeX manual or LaTeX Companion for explanation.
Type  H <return>  for immediate help.
 ...                                              
                                                  
l.27 \bibitem{chang2019new}
                           
? 
! Undefined control sequence.
<argument> \@listctr 
                     
l.27 \bibitem{chang2019new}
                           
? 
! You can't use `\relax' after \the.
<recently read> \c@ 
                    
l.27 \bibitem{chang2019new}
                           
? 
! Undefined control sequence.
l.29 \newblock
               A new hybrid xgbsvm model: application for hypertensive heart
? 
! Undefined control sequence.
l.31 \newblock
               {\em Ieee Access}, 7:175248--175258, 2019.
? 

! LaTeX Error: Lonely \item--perhaps a missing list environment.

See the LaTeX manual or LaTeX Companion for explanation.
Type  H <return>  for immediate help.
 ...                                              
                                                  
l.33 \bibitem{mienye2020improved}
                                 
? 
! Undefined control sequence.
<argument> \@listctr 
                     
l.33 \bibitem{mienye2020improved}
                                 
? 
! You can't use `\relax' after \the.
<recently read> \c@ 
                    
l.33 \bibitem{mienye2020improved}
                                 
? 
! Undefined control sequence.
l.35 \newblock
               An improved ensemble learning approach for the prediction of ...

? 
! Undefined control sequence.
l.37 \newblock
               {\em Informatics in Medicine Unlocked}, 20:100402, 2020.
? 

! LaTeX Error: Lonely \item--perhaps a missing list environment.

See the LaTeX manual or LaTeX Companion for explanation.
Type  H <return>  for immediate help.
 ...                                              
                                                  
l.39 \bibitem{shorewala2021early}
                                 
? 
! Undefined control sequence.
<argument> \@listctr 
                     
l.39 \bibitem{shorewala2021early}
                                 
? 
! You can't use `\relax' after \the.
<recently read> \c@ 
                    
l.39 \bibitem{shorewala2021early}
                                 
? 
! Undefined control sequence.
l.41 \newblock
               Early detection of coronary heart disease using ensemble tech...

? 
! Undefined control sequence.
l.42 \newblock
               {\em Informatics in Medicine Unlocked}, 26:100655, 2021.
? x
 
Here is how much of TeX's memory you used:
 1129 strings out of 475247
 20597 string characters out of 5757792
 1953785 words of memory out of 5000000
 22706 multiletter control sequences out of 15000+600000
 558723 words of font info for 38 fonts, out of 8000000 for 9000
 1141 hyphenation exceptions out of 8191
 57i,9n,65p,996b,176s stack positions out of 10000i,1000n,20000p,200000b,200000s
<C:/Users/admin/AppData/Local/Programs/MiKTeX/fonts/type1/public/amsfonts/cm/cm
bx10.pfb><C:/Users/admin/AppData/Local/Programs/MiKTeX/fonts/type1/public/amsfo
nts/cm/cmr10.pfb>
Output written on "Research Paper.pdf" (1 page, 109133 bytes).
PDF statistics:
 19 PDF objects out of 1000 (max. 8388607)
 0 named destinations out of 1000 (max. 500000)
 11 words of extra memory for PDF output out of 10000 (max. 10000000)

